2014/04/02 21:30:53 [error] [php] Undefined variable: parentID (C:\Users\geka\Desktop\e-shop\site2\protected\views\tags\update.php:24)
Stack trace:
#0 C:\Users\geka\Desktop\e-shop\yii\web\CController.php(869): TagsController->renderFile()
#1 C:\Users\geka\Desktop\e-shop\yii\web\CController.php(782): TagsController->renderPartial()
#2 C:\Users\geka\Desktop\e-shop\site2\protected\controllers\TagsController.php(118): TagsController->render()
#3 unknown(0): TagsController->actionUpdate()
#4 C:\Users\geka\Desktop\e-shop\yii\web\actions\CAction.php(108): ReflectionMethod->invokeArgs()
#5 C:\Users\geka\Desktop\e-shop\yii\web\actions\CInlineAction.php(47): CInlineAction->runWithParamsInternal()
#6 C:\Users\geka\Desktop\e-shop\yii\web\CController.php(308): CInlineAction->runWithParams()
#7 C:\Users\geka\Desktop\e-shop\yii\web\filters\CFilterChain.php(133): TagsController->runAction()
#8 C:\Users\geka\Desktop\e-shop\yii\web\filters\CFilter.php(40): CFilterChain->run()
#9 C:\Users\geka\Desktop\e-shop\yii\web\CController.php(1145): CAccessControlFilter->filter()
#10 C:\Users\geka\Desktop\e-shop\yii\web\filters\CInlineFilter.php(58): TagsController->filterAccessControl()
#11 C:\Users\geka\Desktop\e-shop\yii\web\filters\CFilterChain.php(130): CInlineFilter->filter()
#12 C:\Users\geka\Desktop\e-shop\yii\web\CController.php(291): CFilterChain->run()
#13 C:\Users\geka\Desktop\e-shop\yii\web\CController.php(265): TagsController->runActionWithFilters()
#14 C:\Users\geka\Desktop\e-shop\yii\web\CWebApplication.php(282): TagsController->run()
#15 C:\Users\geka\Desktop\e-shop\yii\web\CWebApplication.php(141): CWebApplication->runController()
#16 C:\Users\geka\Desktop\e-shop\yii\base\CApplication.php(180): CWebApplication->processRequest()
#17 C:\Users\geka\Desktop\e-shop\site2\index.php(13): CWebApplication->run()
REQUEST_URI=/index.php/tags/update/12
in C:\Users\geka\Desktop\e-shop\site2\protected\views\tags\update.php (24)
in C:\Users\geka\Desktop\e-shop\site2\protected\controllers\TagsController.php (118)
in C:\Users\geka\Desktop\e-shop\site2\index.php (13)
2014/04/02 21:46:58 [error] [php] Undefined variable: parentID (C:\Users\geka\Desktop\e-shop\site2\protected\views\tags\update.php:24)
Stack trace:
#0 C:\Users\geka\Desktop\e-shop\yii\web\CController.php(869): TagsController->renderFile()
#1 C:\Users\geka\Desktop\e-shop\yii\web\CController.php(782): TagsController->renderPartial()
#2 C:\Users\geka\Desktop\e-shop\site2\protected\controllers\TagsController.php(118): TagsController->render()
#3 unknown(0): TagsController->actionUpdate()
#4 C:\Users\geka\Desktop\e-shop\yii\web\actions\CAction.php(108): ReflectionMethod->invokeArgs()
#5 C:\Users\geka\Desktop\e-shop\yii\web\actions\CInlineAction.php(47): CInlineAction->runWithParamsInternal()
#6 C:\Users\geka\Desktop\e-shop\yii\web\CController.php(308): CInlineAction->runWithParams()
#7 C:\Users\geka\Desktop\e-shop\yii\web\filters\CFilterChain.php(133): TagsController->runAction()
#8 C:\Users\geka\Desktop\e-shop\yii\web\filters\CFilter.php(40): CFilterChain->run()
#9 C:\Users\geka\Desktop\e-shop\yii\web\CController.php(1145): CAccessControlFilter->filter()
#10 C:\Users\geka\Desktop\e-shop\yii\web\filters\CInlineFilter.php(58): TagsController->filterAccessControl()
#11 C:\Users\geka\Desktop\e-shop\yii\web\filters\CFilterChain.php(130): CInlineFilter->filter()
#12 C:\Users\geka\Desktop\e-shop\yii\web\CController.php(291): CFilterChain->run()
#13 C:\Users\geka\Desktop\e-shop\yii\web\CController.php(265): TagsController->runActionWithFilters()
#14 C:\Users\geka\Desktop\e-shop\yii\web\CWebApplication.php(282): TagsController->run()
#15 C:\Users\geka\Desktop\e-shop\yii\web\CWebApplication.php(141): CWebApplication->runController()
#16 C:\Users\geka\Desktop\e-shop\yii\base\CApplication.php(180): CWebApplication->processRequest()
#17 C:\Users\geka\Desktop\e-shop\site2\index.php(13): CWebApplication->run()
REQUEST_URI=/index.php/tags/update/12
in C:\Users\geka\Desktop\e-shop\site2\protected\views\tags\update.php (24)
in C:\Users\geka\Desktop\e-shop\site2\protected\controllers\TagsController.php (118)
in C:\Users\geka\Desktop\e-shop\site2\index.php (13)
2014/04/02 22:22:37 [error] [exception.CException] exception 'CException' with message 'Property "Tags.subtags" is not defined.' in C:\Users\geka\Desktop\e-shop\yii\base\CComponent.php:130
Stack trace:
#0 C:\Users\geka\Desktop\e-shop\yii\db\ar\CActiveRecord.php(145): CComponent->__get('subtags')
#1 C:\Users\geka\Desktop\e-shop\site2\protected\views\tags\view.php(29): CActiveRecord->__get('subtags')
#2 C:\Users\geka\Desktop\e-shop\yii\web\CBaseController.php(126): require('C:\Users\geka\D...')
#3 C:\Users\geka\Desktop\e-shop\yii\web\CBaseController.php(95): CBaseController->renderInternal('C:\Users\geka\D...', Array, true)
#4 C:\Users\geka\Desktop\e-shop\yii\web\CController.php(869): CBaseController->renderFile('C:\Users\geka\D...', Array, true)
#5 C:\Users\geka\Desktop\e-shop\yii\web\CController.php(782): CController->renderPartial('view', Array, true)
#6 C:\Users\geka\Desktop\e-shop\site2\protected\controllers\TagsController.php(53): CController->render('view', Array)
#7 [internal function]: TagsController->actionView('13')
#8 C:\Users\geka\Desktop\e-shop\yii\web\actions\CAction.php(108): ReflectionMethod->invokeArgs(Object(TagsController), Array)
#9 C:\Users\geka\Desktop\e-shop\yii\web\actions\CInlineAction.php(47): CAction->runWithParamsInternal(Object(TagsController), Object(ReflectionMethod), Array)
#10 C:\Users\geka\Desktop\e-shop\yii\web\CController.php(308): CInlineAction->runWithParams(Array)
#11 C:\Users\geka\Desktop\e-shop\yii\web\filters\CFilterChain.php(133): CController->runAction(Object(CInlineAction))
#12 C:\Users\geka\Desktop\e-shop\yii\web\filters\CFilter.php(40): CFilterChain->run()
#13 C:\Users\geka\Desktop\e-shop\yii\web\CController.php(1145): CFilter->filter(Object(CFilterChain))
#14 C:\Users\geka\Desktop\e-shop\yii\web\filters\CInlineFilter.php(58): CController->filterAccessControl(Object(CFilterChain))
#15 C:\Users\geka\Desktop\e-shop\yii\web\filters\CFilterChain.php(130): CInlineFilter->filter(Object(CFilterChain))
#16 C:\Users\geka\Desktop\e-shop\yii\web\CController.php(291): CFilterChain->run()
#17 C:\Users\geka\Desktop\e-shop\yii\web\CController.php(265): CController->runActionWithFilters(Object(CInlineAction), Array)
#18 C:\Users\geka\Desktop\e-shop\yii\web\CWebApplication.php(282): CController->run('view')
#19 C:\Users\geka\Desktop\e-shop\yii\web\CWebApplication.php(141): CWebApplication->runController('tags/view')
#20 C:\Users\geka\Desktop\e-shop\yii\base\CApplication.php(180): CWebApplication->processRequest()
#21 C:\Users\geka\Desktop\e-shop\site2\index.php(13): CApplication->run()
#22 {main}
REQUEST_URI=/index.php/tags/13
HTTP_REFERER=http://localhost/index.php/tags/create/11
---
2014/04/02 22:35:16 [error] [exception.CHttpException.404] exception 'CHttpException' with message 'Unable to resolve the request "admin".' in C:\Users\geka\Desktop\e-shop\yii\web\CWebApplication.php:286
Stack trace:
#0 C:\Users\geka\Desktop\e-shop\yii\web\CWebApplication.php(141): CWebApplication->runController('admin')
#1 C:\Users\geka\Desktop\e-shop\yii\base\CApplication.php(180): CWebApplication->processRequest()
#2 C:\Users\geka\Desktop\e-shop\site2\index.php(13): CApplication->run()
#3 {main}
REQUEST_URI=/admin
HTTP_REFERER=http://localhost/tags/admin
---
2014/04/02 22:35:44 [error] [system.db.CDbCommand] CDbCommand::execute() failed: SQLSTATE[23000]: Integrity constraint violation: 1451 Cannot delete or update a parent row: a foreign key constraint fails (`yii_db`.`yii_tags`, CONSTRAINT `FK_yii_tags_yii_tags` FOREIGN KEY (`parentID`) REFERENCES `yii_tags` (`ID`)). The SQL statement executed was: DELETE FROM `yii_tags` WHERE `yii_tags`.`ID`=14.
in C:\Users\geka\Desktop\e-shop\site2\protected\controllers\TagsController.php (111)
in C:\Users\geka\Desktop\e-shop\site2\index.php (13)
2014/04/02 22:35:44 [error] [exception.CDbException] exception 'CDbException' with message 'CDbCommand failed to execute the SQL statement: SQLSTATE[23000]: Integrity constraint violation: 1451 Cannot delete or update a parent row: a foreign key constraint fails (`yii_db`.`yii_tags`, CONSTRAINT `FK_yii_tags_yii_tags` FOREIGN KEY (`parentID`) REFERENCES `yii_tags` (`ID`)). The SQL statement executed was: DELETE FROM `yii_tags` WHERE `yii_tags`.`ID`=14' in C:\Users\geka\Desktop\e-shop\yii\db\CDbCommand.php:358
Stack trace:
#0 C:\Users\geka\Desktop\e-shop\yii\db\ar\CActiveRecord.php(1802): CDbCommand->execute()
#1 C:\Users\geka\Desktop\e-shop\yii\db\ar\CActiveRecord.php(1222): CActiveRecord->deleteByPk('14')
#2 C:\Users\geka\Desktop\e-shop\site2\protected\controllers\TagsController.php(111): CActiveRecord->delete()
#3 [internal function]: TagsController->actionDelete('14')
#4 C:\Users\geka\Desktop\e-shop\yii\web\actions\CAction.php(108): ReflectionMethod->invokeArgs(Object(TagsController), Array)
#5 C:\Users\geka\Desktop\e-shop\yii\web\actions\CInlineAction.php(47): CAction->runWithParamsInternal(Object(TagsController), Object(ReflectionMethod), Array)
#6 C:\Users\geka\Desktop\e-shop\yii\web\CController.php(308): CInlineAction->runWithParams(Array)
#7 C:\Users\geka\Desktop\e-shop\yii\web\filters\CFilterChain.php(133): CController->runAction(Object(CInlineAction))
#8 C:\Users\geka\Desktop\e-shop\yii\web\CController.php(1116): CFilterChain->run()
#9 C:\Users\geka\Desktop\e-shop\yii\web\filters\CInlineFilter.php(58): CController->filterPostOnly(Object(CFilterChain))
#10 C:\Users\geka\Desktop\e-shop\yii\web\filters\CFilterChain.php(130): CInlineFilter->filter(Object(CFilterChain))
#11 C:\Users\geka\Desktop\e-shop\yii\web\filters\CFilter.php(40): CFilterChain->run()
#12 C:\Users\geka\Desktop\e-shop\yii\web\CController.php(1145): CFilter->filter(Object(CFilterChain))
#13 C:\Users\geka\Desktop\e-shop\yii\web\filters\CInlineFilter.php(58): CController->filterAccessControl(Object(CFilterChain))
#14 C:\Users\geka\Desktop\e-shop\yii\web\filters\CFilterChain.php(130): CInlineFilter->filter(Object(CFilterChain))
#15 C:\Users\geka\Desktop\e-shop\yii\web\CController.php(291): CFilterChain->run()
#16 C:\Users\geka\Desktop\e-shop\yii\web\CController.php(265): CController->runActionWithFilters(Object(CInlineAction), Array)
#17 C:\Users\geka\Desktop\e-shop\yii\web\CWebApplication.php(282): CController->run('delete')
#18 C:\Users\geka\Desktop\e-shop\yii\web\CWebApplication.php(141): CWebApplication->runController('tags/delete')
#19 C:\Users\geka\Desktop\e-shop\yii\base\CApplication.php(180): CWebApplication->processRequest()
#20 C:\Users\geka\Desktop\e-shop\site2\index.php(13): CApplication->run()
#21 {main}
REQUEST_URI=/index.php/tags/delete/14
HTTP_REFERER=http://localhost/index.php/tags/admin
---
2014/04/02 22:42:43 [error] [exception.CHttpException.404] exception 'CHttpException' with message 'The system is unable to find the requested action "admin___".' in C:\Users\geka\Desktop\e-shop\yii\web\CController.php:483
Stack trace:
#0 C:\Users\geka\Desktop\e-shop\yii\web\CController.php(270): CController->missingAction('admin___')
#1 C:\Users\geka\Desktop\e-shop\yii\web\CWebApplication.php(282): CController->run('admin___')
#2 C:\Users\geka\Desktop\e-shop\yii\web\CWebApplication.php(141): CWebApplication->runController('cards/admin___')
#3 C:\Users\geka\Desktop\e-shop\yii\base\CApplication.php(180): CWebApplication->processRequest()
#4 C:\Users\geka\Desktop\e-shop\site2\index.php(13): CApplication->run()
#5 {main}
REQUEST_URI=/index.php/cards/admin___
HTTP_REFERER=http://localhost/cards/admin
---
